===== time =====
2026-07-05 18:14:40 CST

===== hostname =====
DevServer-BMS-3d97cc99-0

===== git =====
d9c4c71

===== python =====
/data/node0_disk1/liguowei/AK-Infer-Lab/.conda/envs/ak-infer-lab/bin/python
Python 3.11.15
sys.executable: /data/node0_disk1/liguowei/AK-Infer-Lab/.conda/envs/ak-infer-lab/bin/python
torch: 2.9.0+cpu
torch_npu: 2.9.0.post2
torch.npu.is_available: True
torch.npu.device_count: 8

===== fio =====
/usr/bin/fio
fio-3.28

===== numactl =====
/usr/bin/numactl
available: 8 nodes (0-7)
node 0 cpus: 0 1 2 3 4 5 6 7 8 9 10 11 12 13 14 15 16 17 18 19 20 21 22 23
node 0 size: 193050 MB
node 0 free: 38786 MB
node 1 cpus: 24 25 26 27 28 29 30 31 32 33 34 35 36 37 38 39 40 41 42 43 44 45 46 47
node 1 size: 193533 MB
node 1 free: 167087 MB
node 2 cpus: 48 49 50 51 52 53 54 55 56 57 58 59 60 61 62 63 64 65 66 67 68 69 70 71
node 2 size: 193533 MB
node 2 free: 11971 MB
node 3 cpus: 72 73 74 75 76 77 78 79 80 81 82 83 84 85 86 87 88 89 90 91 92 93 94 95
node 3 size: 193533 MB
node 3 free: 167984 MB
node 4 cpus: 96 97 98 99 100 101 102 103 104 105 106 107 108 109 110 111 112 113 114 115 116 117 118 119
node 4 size: 193496 MB
node 4 free: 81201 MB
node 5 cpus: 120 121 122 123 124 125 126 127 128 129 130 131 132 133 134 135 136 137 138 139 140 141 142 143
node 5 size: 193533 MB
node 5 free: 164866 MB
node 6 cpus: 144 145 146 147 148 149 150 151 152 153 154 155 156 157 158 159 160 161 162 163 164 165 166 167
node 6 size: 193533 MB
node 6 free: 153178 MB
node 7 cpus: 168 169 170 171 172 173 174 175 176 177 178 179 180 181 182 183 184 185 186 187 188 189 190 191
node 7 size: 188402 MB
node 7 free: 135500 MB
node distances:
node   0   1   2   3   4   5   6   7
  0:  10  11  24  25  24  25  24  25
  1:  11  10  25  32  25  32  25  32
  2:  24  25  10  11  24  25  24  25
  3:  25  32  11  10  25  32  25  32
  4:  24  25  24  25  10  11  24  25
  5:  25  32  25  32  11  10  25  32
  6:  24  25  24  25  24  25  10  11
  7:  25  32  25  32  25  32  11  10

===== perf =====
/usr/bin/perf
perf version 5.15.131

 Performance counter stats for 'sleep 0.1':

              0.84 msec task-clock                #    0.008 CPUs utilized

       0.101739130 seconds time elapsed

       0.001748000 seconds user
       0.000000000 seconds sys



===== npu-smi summary =====
+------------------------------------------------------------------------------------------------------------------+
| npu-smi 26.0.rc1                            Version: 26.0.rc1                                                    |
+---------------------------+---------------+----------------------------------------------------------------------+
| NPU   Name                | Health        | Power(W)             Temp(C)                 Hugepages-Usage(page)   |
| Chip                      | Bus-Id        | AICore(%)            Memory-Usage(MB)        HBM-Usage(MB)           |
+===========================+===============+======================================================================+
| 0     910B1               | OK            | 102.6                41                      0    / 0                |
| 0                         | 0000:C1:00.0  | 0                    0    / 0                59541/ 65536            |
+===========================+===============+======================================================================+
| 1     910B1               | OK            | 106.0                42                      0    / 0                |
| 0                         | 0000:01:00.0  | 0                    0    / 0                59541/ 65536            |
+===========================+===============+======================================================================+
| 2     910B1               | OK            | 100.0                41                      0    / 0                |
| 0                         | 0000:C2:00.0  | 0                    0    / 0                59540/ 65536            |
+===========================+===============+======================================================================+
| 3     910B1               | OK            | 99.9                 41                      0    / 0                |
| 0                         | 0000:02:00.0  | 0                    0    / 0                59541/ 65536            |
+===========================+===============+======================================================================+
| 4     910B1               | OK            | 272.1                47                      0    / 0                |
| 0                         | 0000:81:00.0  | 53                   0    / 0                38851/ 65536            |
+===========================+===============+======================================================================+
| 5     910B1               | OK            | 276.6                47                      0    / 0                |
| 0                         | 0000:41:00.0  | 50                   0    / 0                38850/ 65536            |
+===========================+===============+======================================================================+
| 6     910B1               | OK            | 104.0                41                      0    / 0                |
| 0                         | 0000:82:00.0  | 0                    0    / 0                3414 / 65536            |
+===========================+===============+======================================================================+
| 7     910B1               | OK            | 101.7                42                      0    / 0                |
| 0                         | 0000:42:00.0  | 0                    0    / 0                3413 / 65536            |
+===========================+===============+======================================================================+
+---------------------------+---------------+----------------------------------------------------------------------+
| NPU     Chip              | Process id    | Process name       | Process memory(MB)    | Process id in container |
+===========================+===============+======================================================================+
| 0       0                 | 3790677       | VLLMWorker_TP      | 56178                 | NA                      |
+===========================+===============+======================================================================+
| 1       0                 | 3790678       | VLLMWorker_TP      | 56178                 | NA                      |
+===========================+===============+======================================================================+
| 2       0                 | 3790679       | VLLMWorker_TP      | 56178                 | NA                      |
+===========================+===============+======================================================================+
| 3       0                 | 3790680       | VLLMWorker_TP      | 56178                 | NA                      |
+===========================+===============+======================================================================+
| 4       0                 | 1899704       | python             | 35490                 | NA                      |
+===========================+===============+======================================================================+
| 5       0                 | 1899788       | python             | 35490                 | NA                      |
+===========================+===============+======================================================================+
| No running processes found in NPU 6                                                                              |
+===========================+===============+======================================================================+
| No running processes found in NPU 7                                                                              |
+===========================+===============+======================================================================+
