[INFO] Start profiling....
device=npu:6
result_shape=(64, 64)
host_monotonic_ns=959634264039233
[INFO] Start export data in PROF_000001_20260705225246283_00927868NOOGIAQC.
Sun 05 Jul 2026 22:52:53 [WARNING] [MSVP] [928101] msprof_entrance.py: Msprof analysis is parsing data as root, which may cause potential system security risks.
Sun 05 Jul 2026 22:52:53 [INFO] [MSVP] [928107] msprof_common.py: Start analyzing data in "/tmp/msprof_marker_p1_003/PROF_000001_20260705225246283_00927868NOOGIAQC/host" ...
Sun 05 Jul 2026 22:52:53 [INFO] [MSVP] [928107] msprof_common.py: It may take few minutes, please be patient ...
Sun 05 Jul 2026 22:52:53 [INFO] [MSVP] [928107] msprof_common.py: Analysis data in "/tmp/msprof_marker_p1_003/PROF_000001_20260705225246283_00927868NOOGIAQC/host" finished.
Sun 05 Jul 2026 22:52:53 [INFO] [MSVP] [928107] msprof_common.py: Start analyzing data in "/tmp/msprof_marker_p1_003/PROF_000001_20260705225246283_00927868NOOGIAQC/device_6" ...
Sun 05 Jul 2026 22:52:53 [INFO] [MSVP] [928107] msprof_common.py: It may take few minutes, please be patient ...
Sun 05 Jul 2026 22:52:54 [INFO] [MSVP] [928107] msprof_common.py: Analysis data in "/tmp/msprof_marker_p1_003/PROF_000001_20260705225246283_00927868NOOGIAQC/device_6" finished.
Sun 05 Jul 2026 22:52:54 [INFO] [MSVP] [928107] msprof_export.py: All collected data will be exported, path is: /tmp/msprof_marker_p1_003/PROF_000001_20260705225246283_00927868NOOGIAQC/device_6.
Sun 05 Jul 2026 22:52:54 [WARNING] [MSVP] [928296] msprof_entrance.py: Msprof analysis is parsing data as root, which may cause potential system security risks.
Sun 05 Jul 2026 22:52:54 [INFO] [MSVP] [928300] msprof_export.py: The data in "/tmp/msprof_marker_p1_003/PROF_000001_20260705225246283_00927868NOOGIAQC/host" has been analyzed. Parsing phase will be skipped.
Sun 05 Jul 2026 22:52:54 [INFO] [MSVP] [928300] msprof_export.py: The data in "/tmp/msprof_marker_p1_003/PROF_000001_20260705225246283_00927868NOOGIAQC/device_6" has been analyzed. Parsing phase will be skipped.
Sun 05 Jul 2026 22:52:54 [INFO] [MSVP] [928300] msprof_export.py: All collected data will be exported, path is: /tmp/msprof_marker_p1_003/PROF_000001_20260705225246283_00927868NOOGIAQC/device_6.
Sun 05 Jul 2026 22:52:55 [INFO] [MSVP] [928300] msprof_export.py: There is no summary data to export for "/tmp/msprof_marker_p1_003/PROF_000001_20260705225246283_00927868NOOGIAQC/host"
Sun 05 Jul 2026 22:52:55 [INFO] [MSVP] [928300] msprof_export.py: All collected data will be exported, path is: /tmp/msprof_marker_p1_003/PROF_000001_20260705225246283_00927868NOOGIAQC/device_6.
Sun 05 Jul 2026 22:52:55 [INFO] [MSVP] [928300] msprof_export.py: There is no summary data to export for "/tmp/msprof_marker_p1_003/PROF_000001_20260705225246283_00927868NOOGIAQC/device_6"
Sun 05 Jul 2026 22:52:55 [INFO] [MSVP] [928300] msprof_common.py: Start exporting summary output_file.
Sun 05 Jul 2026 22:52:55 [INFO] [MSVP] [928300] msprof_common.py: End exporting summary output_file.The file is stored in the /tmp/msprof_marker_p1_003/PROF_000001_20260705225246283_00927868NOOGIAQC/mindstudio_profiler_output path.
[INFO] Export all data in PROF_000001_20260705225246283_00927868NOOGIAQC done.
[INFO] Start query data in PROF_000001_20260705225246283_00927868NOOGIAQC.
Sun 05 Jul 2026 22:52:55 [WARNING] [MSVP] [928344] msprof_entrance.py: Msprof analysis is parsing data as root, which may cause potential system security risks.
Job Info	Device ID	Dir Name	Collection Time           	Model ID	Iteration Number	Top Time Iteration	Rank ID

NA      	         	host    	2026-07-05 22:52:47.832877	N/A     	N/A             	N/A               	-1

NA      	6        	device_6	2026-07-05 22:52:47.837361	N/A     	N/A             	N/A               	-1

[INFO] Query all data in PROF_000001_20260705225246283_00927868NOOGIAQC done.
[INFO] Profiling finished.
[INFO] Process profiling data complete. Data is saved in /tmp/msprof_marker_p1_003/PROF_000001_20260705225246283_00927868NOOGIAQC
